# JRE version: Java(TM) SE Runtime Environment (8.0_144-b01) (build 1.8.0_144-b01)
# Java VM: Java HotSpot(TM) 64-Bit Server VM (25.144-b01 mixed mode windows-amd64 compressed oops)
Heap:
 PSYoungGen      total 198656K, used 55282K [0x00000000d6000000, 0x00000000e4100000, 0x0000000100000000)
  eden space 174592K, 17% used [0x00000000d6000000,0x00000000d7e82500,0x00000000e0a80000)
  from space 24064K, 99% used [0x00000000e2500000,0x00000000e3c7a4d8,0x00000000e3c80000)
  to   space 27136K, 0% used [0x00000000e0a80000,0x00000000e0a80000,0x00000000e2500000)
 ParOldGen       total 92160K, used 37602K [0x0000000082000000, 0x0000000087a00000, 0x00000000d6000000)
  object space 92160K, 40% used [0x0000000082000000,0x00000000844b88a0,0x0000000087a00000)
 Metaspace       used 27681K, capacity 28534K, committed 28592K, reserved 1075200K
  class space    used 3286K, capacity 3503K, committed 3504K, reserved 1048576K
GC Heap History (10 events):
Event: 7.461 GC heap before
{Heap before GC invocations=7 (full 0):
 PSYoungGen      total 147456K, used 143044K [0x00000000d6000000, 0x00000000e0200000, 0x0000000100000000)
  eden space 130560K, 100% used [0x00000000d6000000,0x00000000ddf80000,0x00000000ddf80000)
  from space 16896K, 73% used [0x00000000df080000,0x00000000dfcb1370,0x00000000e0100000)
  to   space 17408K, 0% used [0x00000000ddf80000,0x00000000ddf80000,0x00000000df080000)
 ParOldGen       total 86016K, used 22366K [0x0000000082000000, 0x0000000087400000, 0x00000000d6000000)
  object space 86016K, 26% used [0x0000000082000000,0x00000000835d7860,0x0000000087400000)
 Metaspace       used 18147K, capacity 18680K, committed 18944K, reserved 1067008K
  class space    used 2079K, capacity 2193K, committed 2304K, reserved 1048576K
Event: 7.477 GC heap after
Heap after GC invocations=7 (full 0):
 PSYoungGen      total 147968K, used 17380K [0x00000000d6000000, 0x00000000e0200000, 0x0000000100000000)
  eden space 130560K, 0% used [0x00000000d6000000,0x00000000d6000000,0x00000000ddf80000)
  from space 17408K, 99% used [0x00000000ddf80000,0x00000000df0793e8,0x00000000df080000)
  to   space 16896K, 0% used [0x00000000df080000,0x00000000df080000,0x00000000e0100000)
 ParOldGen       total 86016K, used 24443K [0x0000000082000000, 0x0000000087400000, 0x00000000d6000000)
  object space 86016K, 28% used [0x0000000082000000,0x00000000837dee20,0x0000000087400000)
 Metaspace       used 18147K, capacity 18680K, committed 18944K, reserved 1067008K
  class space    used 2079K, capacity 2193K, committed 2304K, reserved 1048576K
}
Event: 10.317 GC heap before
{Heap before GC invocations=8 (full 0):
 PSYoungGen      total 147968K, used 108247K [0x00000000d6000000, 0x00000000e0200000, 0x0000000100000000)
  eden space 130560K, 69% used [0x00000000d6000000,0x00000000db8bca80,0x00000000ddf80000)
  from space 17408K, 99% used [0x00000000ddf80000,0x00000000df0793e8,0x00000000df080000)
  to   space 16896K, 0% used [0x00000000df080000,0x00000000df080000,0x00000000e0100000)
 ParOldGen       total 86016K, used 24443K [0x0000000082000000, 0x0000000087400000, 0x00000000d6000000)
  object space 86016K, 28% used [0x0000000082000000,0x00000000837dee20,0x0000000087400000)
 Metaspace       used 20391K, capacity 21078K, committed 21296K, reserved 1069056K
  class space    used 2380K, capacity 2583K, committed 2608K, reserved 1048576K
Event: 10.337 GC heap after
Heap after GC invocations=8 (full 0):
 PSYoungGen      total 147456K, used 16896K [0x00000000d6000000, 0x00000000e0200000, 0x0000000100000000)
  eden space 130560K, 0% used [0x00000000d6000000,0x00000000d6000000,0x00000000ddf80000)
  from space 16896K, 100% used [0x00000000df080000,0x00000000e0100000,0x00000000e0100000)
  to   space 17408K, 0% used [0x00000000ddf80000,0x00000000ddf80000,0x00000000df080000)
 ParOldGen       total 86016K, used 29587K [0x0000000082000000, 0x0000000087400000, 0x00000000d6000000)
  object space 86016K, 34% used [0x0000000082000000,0x0000000083ce4f80,0x0000000087400000)
 Metaspace       used 20391K, capacity 21078K, committed 21296K, reserved 1069056K
  class space    used 2380K, capacity 2583K, committed 2608K, reserved 1048576K
}
Event: 10.337 GC heap before
{Heap before GC invocations=9 (full 1):
 PSYoungGen      total 147456K, used 16896K [0x00000000d6000000, 0x00000000e0200000, 0x0000000100000000)
  eden space 130560K, 0% used [0x00000000d6000000,0x00000000d6000000,0x00000000ddf80000)
  from space 16896K, 100% used [0x00000000df080000,0x00000000e0100000,0x00000000e0100000)
  to   space 17408K, 0% used [0x00000000ddf80000,0x00000000ddf80000,0x00000000df080000)
 ParOldGen       total 86016K, used 29587K [0x0000000082000000, 0x0000000087400000, 0x00000000d6000000)
  object space 86016K, 34% used [0x0000000082000000,0x0000000083ce4f80,0x0000000087400000)
 Metaspace       used 20391K, capacity 21078K, committed 21296K, reserved 1069056K
  class space    used 2380K, capacity 2583K, committed 2608K, reserved 1048576K
Event: 10.426 GC heap after
Heap after GC invocations=9 (full 1):
 PSYoungGen      total 147456K, used 0K [0x00000000d6000000, 0x00000000e0200000, 0x0000000100000000)
  eden space 130560K, 0% used [0x00000000d6000000,0x00000000d6000000,0x00000000ddf80000)
  from space 16896K, 0% used [0x00000000df080000,0x00000000df080000,0x00000000e0100000)
  to   space 17408K, 0% used [0x00000000ddf80000,0x00000000ddf80000,0x00000000df080000)
 ParOldGen       total 92160K, used 36959K [0x0000000082000000, 0x0000000087a00000, 0x00000000d6000000)
  object space 92160K, 40% used [0x0000000082000000,0x0000000084417db0,0x0000000087a00000)
 Metaspace       used 20391K, capacity 21078K, committed 21296K, reserved 1069056K
  class space    used 2380K, capacity 2583K, committed 2608K, reserved 1048576K
}
Event: 18.112 GC heap before
{Heap before GC invocations=10 (full 1):
 PSYoungGen      total 147456K, used 130560K [0x00000000d6000000, 0x00000000e0200000, 0x0000000100000000)
  eden space 130560K, 100% used [0x00000000d6000000,0x00000000ddf80000,0x00000000ddf80000)
  from space 16896K, 0% used [0x00000000df080000,0x00000000df080000,0x00000000e0100000)
  to   space 17408K, 0% used [0x00000000ddf80000,0x00000000ddf80000,0x00000000df080000)
 ParOldGen       total 92160K, used 36959K [0x0000000082000000, 0x0000000087a00000, 0x00000000d6000000)
  object space 92160K, 40% used [0x0000000082000000,0x0000000084417db0,0x0000000087a00000)
 Metaspace       used 24734K, capacity 25472K, committed 25776K, reserved 1071104K
  class space    used 2959K, capacity 3168K, committed 3248K, reserved 1048576K
Event: 18.119 GC heap after
Heap after GC invocations=10 (full 1):
 PSYoungGen      total 147968K, used 9728K [0x00000000d6000000, 0x00000000e3c80000, 0x0000000100000000)
  eden space 130560K, 0% used [0x00000000d6000000,0x00000000d6000000,0x00000000ddf80000)
  from space 17408K, 55% used [0x00000000ddf80000,0x00000000de9001e8,0x00000000df080000)
  to   space 24064K, 0% used [0x00000000e2500000,0x00000000e2500000,0x00000000e3c80000)
 ParOldGen       total 92160K, used 36967K [0x0000000082000000, 0x0000000087a00000, 0x00000000d6000000)
  object space 92160K, 40% used [0x0000000082000000,0x0000000084419db0,0x0000000087a00000)
 Metaspace       used 24734K, capacity 25472K, committed 25776K, reserved 1071104K
  class space    used 2959K, capacity 3168K, committed 3248K, reserved 1048576K
}
Event: 20.710 GC heap before
{Heap before GC invocations=11 (full 1):
 PSYoungGen      total 147968K, used 140288K [0x00000000d6000000, 0x00000000e3c80000, 0x0000000100000000)
  eden space 130560K, 100% used [0x00000000d6000000,0x00000000ddf80000,0x00000000ddf80000)
  from space 17408K, 55% used [0x00000000ddf80000,0x00000000de9001e8,0x00000000df080000)
  to   space 24064K, 0% used [0x00000000e2500000,0x00000000e2500000,0x00000000e3c80000)
 ParOldGen       total 92160K, used 36967K [0x0000000082000000, 0x0000000087a00000, 0x00000000d6000000)
  object space 92160K, 40% used [0x0000000082000000,0x0000000084419db0,0x0000000087a00000)
 Metaspace       used 27457K, capacity 28330K, committed 28592K, reserved 1075200K
  class space    used 3265K, capacity 3501K, committed 3504K, reserved 1048576K
Event: 20.733 GC heap after
Heap after GC invocations=11 (full 1):
 PSYoungGen      total 198656K, used 24041K [0x00000000d6000000, 0x00000000e4100000, 0x0000000100000000)
  eden space 174592K, 0% used [0x00000000d6000000,0x00000000d6000000,0x00000000e0a80000)
  from space 24064K, 99% used [0x00000000e2500000,0x00000000e3c7a4d8,0x00000000e3c80000)
  to   space 27136K, 0% used [0x00000000e0a80000,0x00000000e0a80000,0x00000000e2500000)
 ParOldGen       total 92160K, used 37602K [0x0000000082000000, 0x0000000087a00000, 0x00000000d6000000)
  object space 92160K, 40% used [0x0000000082000000,0x00000000844b88a0,0x0000000087a00000)
 Metaspace       used 27457K, capacity 28330K, committed 28592K, reserved 1075200K
  class space    used 3265K, capacity 3501K, committed 3504K, reserved 1048576K
}

